This is pdfTeX, Version 3.1415926-2.5-1.40.14 (TeX Live 2013) (format=pdflatex 2014.2.16)  28 FEB 2014 10:21
entering extended mode
 restricted \write18 enabled.
 %&-line parsing enabled.
**Diplomarbeit_Pascal-Bernhard.tex
(./Diplomarbeit_Pascal-Bernhard.tex
LaTeX2e <2011/06/27>
Babel <3.9f> and hyphenation patterns for 42 languages loaded.
(/usr/share/texmf-dist/tex/latex/koma-script/scrreprt.cls
Document Class: scrreprt 2012/07/29 v3.11b KOMA-Script document class (report)
(/usr/share/texmf-dist/tex/latex/koma-script/scrkbase.sty
Package: scrkbase 2012/07/29 v3.11b KOMA-Script package (KOMA-Script-dependent 
basics and keyval usage)

(/usr/share/texmf-dist/tex/latex/koma-script/scrbase.sty
Package: scrbase 2012/07/29 v3.11b KOMA-Script package (KOMA-Script-independent
 basics and keyval usage)

(/usr/share/texmf-dist/tex/latex/graphics/keyval.sty
Package: keyval 1999/03/16 v1.13 key=value parser (DPC)
\KV@toks@=\toks14
)
(/usr/share/texmf-dist/tex/latex/koma-script/scrlfile.sty
Package: scrlfile 2012/06/15 v3.12 KOMA-Script package (loading files)

Package scrlfile, 2012/06/15 v3.12 KOMA-Script package (loading files)
                  Copyright (C) Markus Kohm

))) (/usr/share/texmf-dist/tex/latex/koma-script/tocbasic.sty
Package: tocbasic 2012/04/04 v3.10b KOMA-Script package (handling toc-files)
)
Package tocbasic Info: omitting babel extension for `toc'
(tocbasic)             because of feature `nobabel' available
(tocbasic)             for `toc' on input line 117.
Package tocbasic Info: omitting babel extension for `lof'
(tocbasic)             because of feature `nobabel' available
(tocbasic)             for `lof' on input line 118.
Package tocbasic Info: omitting babel extension for `lot'
(tocbasic)             because of feature `nobabel' available
(tocbasic)             for `lot' on input line 119.
Package scrreprt Info: You've used obsolete option `11pt'.
(scrreprt)             \KOMAExecuteOptions{fontsize=11pt} will be
(scrreprt)             used instead.
(scrreprt)             You may simply replace `11pt'
(scrreprt)             by `fontsize=11pt'.
Class scrreprt Info: File `scrsize11pt.clo' used to setup font sizes on input l
ine 1367.

(/usr/share/texmf-dist/tex/latex/koma-script/scrsize11pt.clo
File: scrsize11pt.clo 2012/07/29 v3.11b KOMA-Script font size class option (11p
t)
)
(/usr/share/texmf-dist/tex/latex/koma-script/typearea.sty
Package: typearea 2012/07/29 v3.11b KOMA-Script package (type area)

Package typearea, 2012/07/29 v3.11b KOMA-Script package (type area)
                  Copyright (C) Frank Neukam, 1992-1994
                  Copyright (C) Markus Kohm, 1994-

\ta@bcor=\skip41
\ta@div=\count79
\ta@hblk=\skip42
\ta@vblk=\skip43
\ta@temp=\skip44
DIV calculation for typearea with good linewidth.
Package typearea Info: These are the values describing the layout:
(typearea)             DIV  = 8
(typearea)             BCOR = 0.0pt
(typearea)             \paperwidth      = 597.50793pt
(typearea)              \textwidth      = 373.44246pt
(typearea)              DIV departure   = 0%
(typearea)              \evensidemargin = 39.76274pt
(typearea)              \oddsidemargin  = 39.76274pt
(typearea)             \paperheight     = 845.04694pt
(typearea)              \textheight     = 500.60022pt
(typearea)              \topmargin      = 33.36087pt
(typearea)              \headheight     = 17.0pt
(typearea)              \headsep        = 20.40001pt
(typearea)              \topskip        = 11.0pt
(typearea)              \footskip       = 47.60002pt
(typearea)              \baselineskip   = 13.6pt
(typearea)              on input line 1213.
)
\c@part=\count80
\c@chapter=\count81
\c@section=\count82
\c@subsection=\count83
\c@subsubsection=\count84
\c@paragraph=\count85
\c@subparagraph=\count86
\abovecaptionskip=\skip45
\belowcaptionskip=\skip46
\c@pti@nb@sid@b@x=\box26
\c@figure=\count87
\c@table=\count88
\bibindent=\dimen102
) (/usr/share/texmf-dist/tex/latex/base/fontenc.sty
Package: fontenc 2005/09/27 v1.99g Standard LaTeX package

(/usr/share/texmf-dist/tex/latex/base/t1enc.def
File: t1enc.def 2005/09/27 v1.99g Standard LaTeX file
LaTeX Font Info:    Redeclaring font encoding T1 on input line 43.
))
(/usr/share/texmf-dist/tex/latex/lm/lmodern.sty
Package: lmodern 2009/10/30 v1.6 Latin Modern Fonts
LaTeX Font Info:    Overwriting symbol font `operators' in version `normal'
(Font)                  OT1/cmr/m/n --> OT1/lmr/m/n on input line 22.
LaTeX Font Info:    Overwriting symbol font `letters' in version `normal'
(Font)                  OML/cmm/m/it --> OML/lmm/m/it on input line 23.
LaTeX Font Info:    Overwriting symbol font `symbols' in version `normal'
(Font)                  OMS/cmsy/m/n --> OMS/lmsy/m/n on input line 24.
LaTeX Font Info:    Overwriting symbol font `largesymbols' in version `normal'
(Font)                  OMX/cmex/m/n --> OMX/lmex/m/n on input line 25.
LaTeX Font Info:    Overwriting symbol font `operators' in version `bold'
(Font)                  OT1/cmr/bx/n --> OT1/lmr/bx/n on input line 26.
LaTeX Font Info:    Overwriting symbol font `letters' in version `bold'
(Font)                  OML/cmm/b/it --> OML/lmm/b/it on input line 27.
LaTeX Font Info:    Overwriting symbol font `symbols' in version `bold'
(Font)                  OMS/cmsy/b/n --> OMS/lmsy/b/n on input line 28.
LaTeX Font Info:    Overwriting symbol font `largesymbols' in version `bold'
(Font)                  OMX/cmex/m/n --> OMX/lmex/m/n on input line 29.
LaTeX Font Info:    Overwriting math alphabet `\mathbf' in version `normal'
(Font)                  OT1/cmr/bx/n --> OT1/lmr/bx/n on input line 31.
LaTeX Font Info:    Overwriting math alphabet `\mathsf' in version `normal'
(Font)                  OT1/cmss/m/n --> OT1/lmss/m/n on input line 32.
LaTeX Font Info:    Overwriting math alphabet `\mathit' in version `normal'
(Font)                  OT1/cmr/m/it --> OT1/lmr/m/it on input line 33.
LaTeX Font Info:    Overwriting math alphabet `\mathtt' in version `normal'
(Font)                  OT1/cmtt/m/n --> OT1/lmtt/m/n on input line 34.
LaTeX Font Info:    Overwriting math alphabet `\mathbf' in version `bold'
(Font)                  OT1/cmr/bx/n --> OT1/lmr/bx/n on input line 35.
LaTeX Font Info:    Overwriting math alphabet `\mathsf' in version `bold'
(Font)                  OT1/cmss/bx/n --> OT1/lmss/bx/n on input line 36.
LaTeX Font Info:    Overwriting math alphabet `\mathit' in version `bold'
(Font)                  OT1/cmr/bx/it --> OT1/lmr/bx/it on input line 37.
LaTeX Font Info:    Overwriting math alphabet `\mathtt' in version `bold'
(Font)                  OT1/cmtt/m/n --> OT1/lmtt/m/n on input line 38.
)
(/usr/share/texmf-dist/tex/latex/psnfss/mathpazo.sty
Package: mathpazo 2005/04/12 PSNFSS-v9.2a Palatino w/ Pazo Math (D.Puga, WaS) 
\symupright=\mathgroup4
)
DIV calculation for typearea with good linewidth.
LaTeX Font Info:    Try loading font information for T1+pplx on input line 15.
(/usr/share/texmf-dist/tex/latex/psnfss/t1pplx.fd
File: t1pplx.fd 2004/09/06 font definitions for T1/pplx.
)
Package typearea Info: These are the values describing the layout:
(typearea)             DIV  = 8
(typearea)             BCOR = 0.0pt
(typearea)             \paperwidth      = 597.50793pt
(typearea)              \textwidth      = 373.44246pt
(typearea)              DIV departure   = 0%
(typearea)              \evensidemargin = 39.76274pt
(typearea)              \oddsidemargin  = 39.76274pt
(typearea)             \paperheight     = 845.04694pt
(typearea)              \textheight     = 500.60022pt
(typearea)              \topmargin      = 33.36087pt
(typearea)              \headheight     = 17.0pt
(typearea)              \headsep        = 20.40001pt
(typearea)              \topskip        = 11.0pt
(typearea)              \footskip       = 47.60002pt
(typearea)              \baselineskip   = 13.6pt
(typearea)              on input line 15.

(/usr/share/texmf-dist/tex/latex/base/inputenc.sty
Package: inputenc 2008/03/30 v1.1d Input encoding file
\inpenc@prehook=\toks15
\inpenc@posthook=\toks16

(/usr/share/texmf-dist/tex/latex/base/ansinew.def
File: ansinew.def 2008/03/30 v1.1d Input encoding file
))
(/usr/share/texmf-dist/tex/latex/microtype/microtype.sty
Package: microtype 2013/05/23 v2.5a Micro-typographical refinements (RS)
\MT@toks=\toks17
\MT@count=\count89
LaTeX Info: Redefining \textls on input line 766.
\MT@outer@kern=\dimen103
LaTeX Info: Redefining \textmicrotypecontext on input line 1285.
\MT@listname@count=\count90

(/usr/share/texmf-dist/tex/latex/microtype/microtype-pdftex.def
File: microtype-pdftex.def 2013/05/23 v2.5a Definitions specific to pdftex (RS)

LaTeX Info: Redefining \lsstyle on input line 915.
LaTeX Info: Redefining \lslig on input line 915.
\MT@outer@space=\skip47
)
Package microtype Info: Loading configuration file microtype.cfg.

(/etc/texmf/tex/latex/microtype.d/microtype.cfg
File: microtype.cfg 2013/05/23 v2.5a microtype main configuration file (RS)
))
(/usr/share/texmf-site/tex/latex/xcolor/xcolor.sty
Package: xcolor 2007/01/21 v2.11 LaTeX color extensions (UK)

(/usr/share/texmf-dist/tex/latex/latexconfig/color.cfg
File: color.cfg 2007/01/18 v1.5 color configuration of teTeX/TeXLive
)
Package xcolor Info: Driver file: pdftex.def on input line 225.

(/usr/share/texmf-dist/tex/latex/pdftex-def/pdftex.def
File: pdftex.def 2011/05/27 v0.06d Graphics/color for pdfTeX

(/usr/share/texmf-dist/tex/generic/oberdiek/infwarerr.sty
Package: infwarerr 2010/04/08 v1.3 Providing info/warning/error messages (HO)
)
(/usr/share/texmf-dist/tex/generic/oberdiek/ltxcmds.sty
Package: ltxcmds 2011/11/09 v1.22 LaTeX kernel commands for general use (HO)
)
\Gread@gobject=\count91
)
Package xcolor Info: Model `cmy' substituted by `cmy0' on input line 1337.
Package xcolor Info: Model `hsb' substituted by `rgb' on input line 1341.
Package xcolor Info: Model `RGB' extended on input line 1353.
Package xcolor Info: Model `HTML' substituted by `rgb' on input line 1355.
Package xcolor Info: Model `Hsb' substituted by `hsb' on input line 1356.
Package xcolor Info: Model `tHsb' substituted by `hsb' on input line 1357.
Package xcolor Info: Model `HSB' substituted by `hsb' on input line 1358.
Package xcolor Info: Model `Gray' substituted by `gray' on input line 1359.
Package xcolor Info: Model `wave' substituted by `hsb' on input line 1360.
)
(/usr/share/texmf-dist/tex/generic/babel/babel.sty
Package: babel 2013/05/16 v3.9f The Babel package

(/usr/share/texmf-dist/tex/generic/babel-german/ngermanb.ldf
Language: ngermanb 2008/07/06 v2.6n new German support from the babel system

(/usr/share/texmf-dist/tex/generic/babel/babel.def
File: babel.def 2013/05/16 v3.9f Babel common definitions
\babel@savecnt=\count92
\U@D=\dimen104
)
\l@naustrian = a dialect from \language\l@ngerman 
Package babel Info: Making " an active character on input line 92.
))
(/usr/share/texmf-dist/tex/latex/relsize/relsize.sty
Package: relsize 2013/03/29 ver 4.1
)
(/usr/share/texmf-dist/tex/latex/paralist/paralist.sty
Package: paralist 2002/03/18 v2.3b Extended list environments (BS)
\pltopsep=\skip48
\plpartopsep=\skip49
\plitemsep=\skip50
\plparsep=\skip51
\pl@lab=\toks18
)
(/usr/share/texmf-dist/tex/latex/mdwtools/mdwlist.sty
Package: mdwlist 1996/05/02 1.1 Various list-related things
)
(/usr/share/texmf-dist/tex/latex/setspace/setspace.sty
Package: setspace 2011/12/19 v6.7a set line spacing
)
(/usr/share/texmf-dist/tex/latex/base/textcomp.sty
Package: textcomp 2005/09/27 v1.99g Standard LaTeX package
Package textcomp Info: Sub-encoding information:
(textcomp)               5 = only ISO-Adobe without \textcurrency
(textcomp)               4 = 5 + \texteuro
(textcomp)               3 = 4 + \textohm
(textcomp)               2 = 3 + \textestimated + \textcurrency
(textcomp)               1 = TS1 - \textcircled - \t
(textcomp)               0 = TS1 (full)
(textcomp)             Font families with sub-encoding setting implement
(textcomp)             only a restricted character set as indicated.
(textcomp)             Family '?' is the default used for unknown fonts.
(textcomp)             See the documentation for details.
Package textcomp Info: Setting ? sub-encoding to TS1/1 on input line 71.

(/usr/share/texmf-dist/tex/latex/base/ts1enc.def
File: ts1enc.def 2001/06/05 v3.0e (jk/car/fm) Standard LaTeX file
)
LaTeX Info: Redefining \oldstylenums on input line 266.
Package textcomp Info: Setting cmr sub-encoding to TS1/0 on input line 281.
Package textcomp Info: Setting cmss sub-encoding to TS1/0 on input line 282.
Package textcomp Info: Setting cmtt sub-encoding to TS1/0 on input line 283.
Package textcomp Info: Setting cmvtt sub-encoding to TS1/0 on input line 284.
Package textcomp Info: Setting cmbr sub-encoding to TS1/0 on input line 285.
Package textcomp Info: Setting cmtl sub-encoding to TS1/0 on input line 286.
Package textcomp Info: Setting ccr sub-encoding to TS1/0 on input line 287.
Package textcomp Info: Setting ptm sub-encoding to TS1/4 on input line 288.
Package textcomp Info: Setting pcr sub-encoding to TS1/4 on input line 289.
Package textcomp Info: Setting phv sub-encoding to TS1/4 on input line 290.
Package textcomp Info: Setting ppl sub-encoding to TS1/3 on input line 291.
Package textcomp Info: Setting pag sub-encoding to TS1/4 on input line 292.
Package textcomp Info: Setting pbk sub-encoding to TS1/4 on input line 293.
Package textcomp Info: Setting pnc sub-encoding to TS1/4 on input line 294.
Package textcomp Info: Setting pzc sub-encoding to TS1/4 on input line 295.
Package textcomp Info: Setting bch sub-encoding to TS1/4 on input line 296.
Package textcomp Info: Setting put sub-encoding to TS1/5 on input line 297.
Package textcomp Info: Setting uag sub-encoding to TS1/5 on input line 298.
Package textcomp Info: Setting ugq sub-encoding to TS1/5 on input line 299.
Package textcomp Info: Setting ul8 sub-encoding to TS1/4 on input line 300.
Package textcomp Info: Setting ul9 sub-encoding to TS1/4 on input line 301.
Package textcomp Info: Setting augie sub-encoding to TS1/5 on input line 302.
Package textcomp Info: Setting dayrom sub-encoding to TS1/3 on input line 303.
Package textcomp Info: Setting dayroms sub-encoding to TS1/3 on input line 304.

Package textcomp Info: Setting pxr sub-encoding to TS1/0 on input line 305.
Package textcomp Info: Setting pxss sub-encoding to TS1/0 on input line 306.
Package textcomp Info: Setting pxtt sub-encoding to TS1/0 on input line 307.
Package textcomp Info: Setting txr sub-encoding to TS1/0 on input line 308.
Package textcomp Info: Setting txss sub-encoding to TS1/0 on input line 309.
Package textcomp Info: Setting txtt sub-encoding to TS1/0 on input line 310.
Package textcomp Info: Setting lmr sub-encoding to TS1/0 on input line 311.
Package textcomp Info: Setting lmdh sub-encoding to TS1/0 on input line 312.
Package textcomp Info: Setting lmss sub-encoding to TS1/0 on input line 313.
Package textcomp Info: Setting lmssq sub-encoding to TS1/0 on input line 314.
Package textcomp Info: Setting lmvtt sub-encoding to TS1/0 on input line 315.
Package textcomp Info: Setting qhv sub-encoding to TS1/0 on input line 316.
Package textcomp Info: Setting qag sub-encoding to TS1/0 on input line 317.
Package textcomp Info: Setting qbk sub-encoding to TS1/0 on input line 318.
Package textcomp Info: Setting qcr sub-encoding to TS1/0 on input line 319.
Package textcomp Info: Setting qcs sub-encoding to TS1/0 on input line 320.
Package textcomp Info: Setting qpl sub-encoding to TS1/0 on input line 321.
Package textcomp Info: Setting qtm sub-encoding to TS1/0 on input line 322.
Package textcomp Info: Setting qzc sub-encoding to TS1/0 on input line 323.
Package textcomp Info: Setting qhvc sub-encoding to TS1/0 on input line 324.
Package textcomp Info: Setting futs sub-encoding to TS1/4 on input line 325.
Package textcomp Info: Setting futx sub-encoding to TS1/4 on input line 326.
Package textcomp Info: Setting futj sub-encoding to TS1/4 on input line 327.
Package textcomp Info: Setting hlh sub-encoding to TS1/3 on input line 328.
Package textcomp Info: Setting hls sub-encoding to TS1/3 on input line 329.
Package textcomp Info: Setting hlst sub-encoding to TS1/3 on input line 330.
Package textcomp Info: Setting hlct sub-encoding to TS1/5 on input line 331.
Package textcomp Info: Setting hlx sub-encoding to TS1/5 on input line 332.
Package textcomp Info: Setting hlce sub-encoding to TS1/5 on input line 333.
Package textcomp Info: Setting hlcn sub-encoding to TS1/5 on input line 334.
Package textcomp Info: Setting hlcw sub-encoding to TS1/5 on input line 335.
Package textcomp Info: Setting hlcf sub-encoding to TS1/5 on input line 336.
Package textcomp Info: Setting pplx sub-encoding to TS1/3 on input line 337.
Package textcomp Info: Setting pplj sub-encoding to TS1/3 on input line 338.
Package textcomp Info: Setting ptmx sub-encoding to TS1/4 on input line 339.
Package textcomp Info: Setting ptmj sub-encoding to TS1/4 on input line 340.
)
(/usr/share/texmf-dist/tex/latex/marvosym/marvosym.sty
Package: marvosym 2011/07/20 v2.2 Martin Vogel's Symbols font definitions
)
(/usr/share/texmf-dist/tex/latex/amsmath/amsmath.sty
Package: amsmath 2013/01/14 v2.14 AMS math features
\@mathmargin=\skip52

For additional information on amsmath, use the `?' option.
(/usr/share/texmf-dist/tex/latex/amsmath/amstext.sty
Package: amstext 2000/06/29 v2.01

(/usr/share/texmf-dist/tex/latex/amsmath/amsgen.sty
File: amsgen.sty 1999/11/30 v2.0
\@emptytoks=\toks19
\ex@=\dimen105
))
(/usr/share/texmf-dist/tex/latex/amsmath/amsbsy.sty
Package: amsbsy 1999/11/29 v1.2d
\pmbraise@=\dimen106
)
(/usr/share/texmf-dist/tex/latex/amsmath/amsopn.sty
Package: amsopn 1999/12/14 v2.01 operator names
)
\inf@bad=\count93
LaTeX Info: Redefining \frac on input line 210.
\uproot@=\count94
\leftroot@=\count95
LaTeX Info: Redefining \overline on input line 306.
\classnum@=\count96
\DOTSCASE@=\count97
LaTeX Info: Redefining \ldots on input line 378.
LaTeX Info: Redefining \dots on input line 381.
LaTeX Info: Redefining \cdots on input line 466.
\Mathstrutbox@=\box27
\strutbox@=\box28
\big@size=\dimen107
LaTeX Font Info:    Redeclaring font encoding OML on input line 566.
LaTeX Font Info:    Redeclaring font encoding OMS on input line 567.
\macc@depth=\count98
\c@MaxMatrixCols=\count99
\dotsspace@=\muskip10
\c@parentequation=\count100
\dspbrk@lvl=\count101
\tag@help=\toks20
\row@=\count102
\column@=\count103
\maxfields@=\count104
\andhelp@=\toks21
\eqnshift@=\dimen108
\alignsep@=\dimen109
\tagshift@=\dimen110
\tagwidth@=\dimen111
\totwidth@=\dimen112
\lineht@=\dimen113
\@envbody=\toks22
\multlinegap=\skip53
\multlinetaggap=\skip54
\mathdisplay@stack=\toks23
LaTeX Info: Redefining \[ on input line 2665.
LaTeX Info: Redefining \] on input line 2666.
)
(/usr/share/texmf-dist/tex/latex/fancybox/fancybox.sty
Package: fancybox 2010/05/15 1.4

Style option: `fancybox' v1.4 <2010/05/15> (tvz)
\@fancybox=\box29
\shadowsize=\dimen114
\@Sbox=\box30
\do@VerbBox=\toks24
\the@fancyput=\toks25
\this@fancyput=\toks26
\EndVerbatimTokens=\toks27
\Verbatim@Outfile=\write3
\Verbatim@Infile=\read1
) (/usr/share/texmf-dist/tex/latex/tools/array.sty
Package: array 2008/09/09 v2.4c Tabular extension package (FMi)
\col@sep=\dimen115
\extrarowheight=\dimen116
\NC@list=\toks28
\extratabsurround=\skip55
\backup@length=\skip56
)
(/usr/share/texmf-dist/tex/latex/amsfonts/amsfonts.sty
Package: amsfonts 2013/01/14 v3.01 Basic AMSFonts support
\symAMSa=\mathgroup5
\symAMSb=\mathgroup6
LaTeX Font Info:    Overwriting math alphabet `\mathfrak' in version `bold'
(Font)                  U/euf/m/n --> U/euf/b/n on input line 106.
)
(/usr/share/texmf-dist/tex/latex/amsfonts/amssymb.sty
Package: amssymb 2013/01/14 v3.01 AMS font symbols
)
(/usr/share/texmf-dist/tex/latex/psnfss/pifont.sty
Package: pifont 2005/04/12 PSNFSS-v9.2a Pi font support (SPQR) 
LaTeX Font Info:    Try loading font information for U+pzd on input line 63.

(/usr/share/texmf-dist/tex/latex/psnfss/upzd.fd
File: upzd.fd 2001/06/04 font definitions for U/pzd.
)
LaTeX Font Info:    Try loading font information for U+psy on input line 64.

(/usr/share/texmf-dist/tex/latex/psnfss/upsy.fd
File: upsy.fd 2001/06/04 font definitions for U/psy.
))
(/usr/share/texmf-dist/tex/latex/koma-script/scrpage2.sty
Package: scrpage2 2010/04/22 v2.5 LaTeX2e KOMA-Script package
LaTeX Info: Redefining \pagemark on input line 176.
)
(/usr/share/texmf-dist/tex/latex/graphics/graphicx.sty
Package: graphicx 1999/02/16 v1.0f Enhanced LaTeX Graphics (DPC,SPQR)

(/usr/share/texmf-dist/tex/latex/graphics/graphics.sty
Package: graphics 2009/02/05 v1.0o Standard LaTeX Graphics (DPC,SPQR)

(/usr/share/texmf-dist/tex/latex/graphics/trig.sty
Package: trig 1999/03/16 v1.09 sin cos tan (DPC)
)
(/usr/share/texmf-dist/tex/latex/latexconfig/graphics.cfg
File: graphics.cfg 2010/04/23 v1.9 graphics configuration of TeX Live
)
Package graphics Info: Driver file: pdftex.def on input line 91.
)
\Gin@req@height=\dimen117
\Gin@req@width=\dimen118
)
(/usr/share/texmf-dist/tex/latex/floatrow/floatrow.sty
Package: floatrow 2008/08/02 v0.3b floatrow: float package extension

(/usr/share/texmf-dist/tex/latex/caption/caption3.sty
Package: caption3 2013/05/02 v1.6-88 caption3 kernel (AR)
Package caption3 Info: TeX engine: e-TeX on input line 57.
\captionmargin=\dimen119
\captionmargin@=\dimen120
\captionwidth=\dimen121
\caption@tempdima=\dimen122
\caption@indent=\dimen123
\caption@parindent=\dimen124
\caption@hangindent=\dimen125
)
\c@float@type=\count105
\float@exts=\toks29
\float@box=\box31
\@floatcapt=\box32
Package floatrow Info: Modified float package code loaded on input line 455.
Package floatrow Info: Modified rotfloat package code loaded on input line 473.

\FR@everyfloat=\toks30
\flrow@foot=\insert233
\FB@wd=\dimen126
\FBo@wd=\dimen127
\FBc@wd=\dimen128
\FBo@ht=\skip57
\FBc@ht=\skip58
\FBf@ht=\skip59
\FBo@max=\skip60
\FBc@max=\skip61
\FBf@max=\skip62
\c@FBl@b=\count106
\floatbox@depth=\count107
\c@FRobj=\count108
\c@FRsobj=\count109
\Xhsize=\skip63
\sXhsize=\skip64
\Zhsize=\skip65
\sZhsize=\skip66
\flrow@rowbox=\box33
\FR@Zunitlength=\dimen129
\c@FBcnt=\count110
\FPOScnt=\count111
\LTleft=\skip67
\LTright=\skip68
\LTleft=\skip69
\LTright=\skip70
\flrow@types=\toks31
)
(/usr/share/texmf-dist/tex/latex/sttools/floatpag.sty
Package: floatpag 2012/05/29 v1.1 Different pagestyles on float pages
Package: floatpag 1999/04/29 FLOAT PAGESTYLE
)
(/usr/share/texmf-dist/tex/latex/footmisc/footmisc.sty
Package: footmisc 2011/06/06 v5.5b a miscellany of footnote facilities
\FN@temptoken=\toks32
\footnotemargin=\dimen130
\c@pp@next@reset=\count112
Package footmisc Info: Declaring symbol style bringhurst on input line 855.
Package footmisc Info: Declaring symbol style chicago on input line 863.
Package footmisc Info: Declaring symbol style wiley on input line 872.
Package footmisc Info: Declaring symbol style lamport-robust on input line 883.

Package footmisc Info: Declaring symbol style lamport* on input line 903.
Package footmisc Info: Declaring symbol style lamport*-robust on input line 924
.
)
(/usr/share/texmf-dist/tex/latex/hyperref/hyperref.sty
Package: hyperref 2012/11/06 v6.83m Hypertext links for LaTeX

(/usr/share/texmf-dist/tex/generic/oberdiek/hobsub-hyperref.sty
Package: hobsub-hyperref 2012/05/28 v1.13 Bundle oberdiek, subset hyperref (HO)


(/usr/share/texmf-dist/tex/generic/oberdiek/hobsub-generic.sty
Package: hobsub-generic 2012/05/28 v1.13 Bundle oberdiek, subset generic (HO)
Package: hobsub 2012/05/28 v1.13 Construct package bundles (HO)
Package hobsub Info: Skipping package `infwarerr' (already loaded).
Package hobsub Info: Skipping package `ltxcmds' (already loaded).
Package: ifluatex 2010/03/01 v1.3 Provides the ifluatex switch (HO)
Package ifluatex Info: LuaTeX not detected.
Package: ifvtex 2010/03/01 v1.5 Detect VTeX and its facilities (HO)
Package ifvtex Info: VTeX not detected.
Package: intcalc 2007/09/27 v1.1 Expandable calculations with integers (HO)
Package: ifpdf 2011/01/30 v2.3 Provides the ifpdf switch (HO)
Package ifpdf Info: pdfTeX in PDF mode is detected.
Package: etexcmds 2011/02/16 v1.5 Avoid name clashes with e-TeX commands (HO)
Package etexcmds Info: Could not find \expanded.
(etexcmds)             That can mean that you are not using pdfTeX 1.50 or
(etexcmds)             that some package has redefined \expanded.
(etexcmds)             In the latter case, load this package earlier.
Package: kvsetkeys 2012/04/25 v1.16 Key value parser (HO)
Package: kvdefinekeys 2011/04/07 v1.3 Define keys (HO)
Package: pdftexcmds 2011/11/29 v0.20 Utility functions of pdfTeX for LuaTeX (HO
)
Package pdftexcmds Info: LuaTeX not detected.
Package pdftexcmds Info: \pdf@primitive is available.
Package pdftexcmds Info: \pdf@ifprimitive is available.
Package pdftexcmds Info: \pdfdraftmode found.
Package: pdfescape 2011/11/25 v1.13 Implements pdfTeX's escape features (HO)
Package: bigintcalc 2012/04/08 v1.3 Expandable calculations on big integers (HO
)
Package: bitset 2011/01/30 v1.1 Handle bit-vector datatype (HO)
Package: uniquecounter 2011/01/30 v1.2 Provide unlimited unique counter (HO)
)
Package hobsub Info: Skipping package `hobsub' (already loaded).
Package: letltxmacro 2010/09/02 v1.4 Let assignment for LaTeX macros (HO)
Package: hopatch 2012/05/28 v1.2 Wrapper for package hooks (HO)
Package: xcolor-patch 2011/01/30 xcolor patch
Package: atveryend 2011/06/30 v1.8 Hooks at the very end of document (HO)
Package atveryend Info: \enddocument detected (standard20110627).
Package: atbegshi 2011/10/05 v1.16 At begin shipout hook (HO)
Package: refcount 2011/10/16 v3.4 Data extraction from label references (HO)
Package: hycolor 2011/01/30 v1.7 Color options for hyperref/bookmark (HO)
)
(/usr/share/texmf-dist/tex/generic/ifxetex/ifxetex.sty
Package: ifxetex 2010/09/12 v0.6 Provides ifxetex conditional
)
(/usr/share/texmf-dist/tex/latex/oberdiek/auxhook.sty
Package: auxhook 2011/03/04 v1.3 Hooks for auxiliary files (HO)
)
(/usr/share/texmf-dist/tex/latex/oberdiek/kvoptions.sty
Package: kvoptions 2011/06/30 v3.11 Key value format for package options (HO)
)
\@linkdim=\dimen131
\Hy@linkcounter=\count113
\Hy@pagecounter=\count114

(/usr/share/texmf-dist/tex/latex/hyperref/pd1enc.def
File: pd1enc.def 2012/11/06 v6.83m Hyperref: PDFDocEncoding definition (HO)
)
\Hy@SavedSpaceFactor=\count115

(/usr/share/texmf-dist/tex/latex/latexconfig/hyperref.cfg
File: hyperref.cfg 2002/06/06 v1.2 hyperref configuration of TeXLive
)
Package hyperref Info: Option `breaklinks' set `true' on input line 4319.
Package hyperref Info: Hyper figures OFF on input line 4443.
Package hyperref Info: Link nesting OFF on input line 4448.
Package hyperref Info: Hyper index ON on input line 4451.
Package hyperref Info: Plain pages OFF on input line 4458.
Package hyperref Info: Backreferencing OFF on input line 4463.
Package hyperref Info: Implicit mode ON; LaTeX internals redefined.
Package hyperref Info: Bookmarks ON on input line 4688.
\c@Hy@tempcnt=\count116

(/usr/share/texmf-dist/tex/latex/url/url.sty
\Urlmuskip=\muskip11
Package: url 2006/04/12  ver 3.3  Verb mode for urls, etc.
)
LaTeX Info: Redefining \url on input line 5041.
\XeTeXLinkMargin=\dimen132
\Fld@menulength=\count117
\Field@Width=\dimen133
\Fld@charsize=\dimen134
Package hyperref Info: Hyper figures OFF on input line 6295.
Package hyperref Info: Link nesting OFF on input line 6300.
Package hyperref Info: Hyper index ON on input line 6303.
Package hyperref Info: backreferencing OFF on input line 6310.
Package hyperref Info: Link coloring OFF on input line 6315.
Package hyperref Info: Link coloring with OCG OFF on input line 6320.
Package hyperref Info: PDF/A mode OFF on input line 6325.
LaTeX Info: Redefining \ref on input line 6365.
LaTeX Info: Redefining \pageref on input line 6369.
\Hy@abspage=\count118
\c@Item=\count119
\c@Hfootnote=\count120
)

Package hyperref Message: Driver (autodetected): hpdftex.

(/usr/share/texmf-dist/tex/latex/hyperref/hpdftex.def
File: hpdftex.def 2012/11/06 v6.83m Hyperref driver for pdfTeX
\Fld@listcount=\count121
\c@bookmark@seq@number=\count122

(/usr/share/texmf-dist/tex/latex/oberdiek/rerunfilecheck.sty
Package: rerunfilecheck 2011/04/15 v1.7 Rerun checks for auxiliary files (HO)
Package uniquecounter Info: New unique counter `rerunfilecheck' on input line 2
82.
)
\Hy@SectionHShift=\skip71
)
(/usr/share/texmf-dist/tex/latex/titleref/titleref.sty
Package: titleref 2001/04/05 v3.1  Cross-references with titles.
)
(/usr/share/texmf-dist/tex/latex/hyperref/nameref.sty
Package: nameref 2012/10/27 v2.43 Cross-referencing by name of section

(/usr/share/texmf-dist/tex/generic/oberdiek/gettitlestring.sty
Package: gettitlestring 2010/12/03 v1.4 Cleanup title references (HO)
)
\c@section@level=\count123
)
DIV calculation for typearea with good linewidth.
Package typearea Info: These are the values describing the layout:
(typearea)             DIV  = 8
(typearea)             BCOR = 0.0pt
(typearea)             \paperwidth      = 597.50793pt
(typearea)              \textwidth      = 373.44246pt
(typearea)              DIV departure   = 0%
(typearea)              \evensidemargin = 39.76274pt
(typearea)              \oddsidemargin  = 39.76274pt
(typearea)             \paperheight     = 845.04694pt
(typearea)              \textheight     = 489.40619pt
(typearea)              \topmargin      = 33.36087pt
(typearea)              \headheight     = 20.62096pt
(typearea)              \headsep        = 24.74515pt
(typearea)              \topskip        = 11.0pt
(typearea)              \footskip       = 57.73868pt
(typearea)              \baselineskip   = 16.49677pt
(typearea)              on input line 117.
(./Diplomarbeit_Pascal-Bernhard.aux)
\openout1 = `Diplomarbeit_Pascal-Bernhard.aux'.

LaTeX Font Info:    Checking defaults for OML/cmm/m/it on input line 128.
LaTeX Font Info:    ... okay on input line 128.
LaTeX Font Info:    Checking defaults for T1/cmr/m/n on input line 128.
LaTeX Font Info:    ... okay on input line 128.
LaTeX Font Info:    Checking defaults for OT1/cmr/m/n on input line 128.
LaTeX Font Info:    ... okay on input line 128.
LaTeX Font Info:    Checking defaults for OMS/cmsy/m/n on input line 128.
LaTeX Font Info:    ... okay on input line 128.
LaTeX Font Info:    Checking defaults for OMX/cmex/m/n on input line 128.
LaTeX Font Info:    ... okay on input line 128.
LaTeX Font Info:    Checking defaults for U/cmr/m/n on input line 128.
LaTeX Font Info:    ... okay on input line 128.
LaTeX Font Info:    Checking defaults for TS1/cmr/m/n on input line 128.
LaTeX Font Info:    Try loading font information for TS1+cmr on input line 128.


(/usr/share/texmf-dist/tex/latex/base/ts1cmr.fd
File: ts1cmr.fd 1999/05/25 v2.5h Standard LaTeX font definitions
)
LaTeX Font Info:    ... okay on input line 128.
LaTeX Font Info:    Checking defaults for PD1/pdf/m/n on input line 128.
LaTeX Font Info:    ... okay on input line 128.
LaTeX Info: Redefining \microtypecontext on input line 128.
Package microtype Info: Generating PDF output.
Package microtype Info: Character protrusion enabled (level 2).
Package microtype Info: Using default protrusion set `alltext'.
Package microtype Info: Automatic font expansion enabled (level 2),
(microtype)             stretch: 20, shrink: 20, step: 1, non-selected.
Package microtype Info: Using default expansion set `basictext'.
Package microtype Info: No adjustment of tracking.
Package microtype Info: No adjustment of interword spacing.
Package microtype Info: No adjustment of character kerning.

(/etc/texmf/tex/latex/microtype.d/mt-ppl.cfg
File: mt-ppl.cfg 2005/11/16 v1.6 microtype config. file: Palatino (RS)
)
(/usr/share/texmf-dist/tex/context/base/supp-pdf.mkii
[Loading MPS to PDF converter (version 2006.09.02).]
\scratchcounter=\count124
\scratchdimen=\dimen135
\scratchbox=\box34
\nofMPsegments=\count125
\nofMParguments=\count126
\everyMPshowfont=\toks33
\MPscratchCnt=\count127
\MPscratchDim=\dimen136
\MPnumerator=\count128
\makeMPintoPDFobject=\count129
\everyMPtoPDFconversion=\toks34
) (/usr/share/texmf-dist/tex/latex/oberdiek/epstopdf-base.sty
Package: epstopdf-base 2010/02/09 v2.5 Base part for package epstopdf

(/usr/share/texmf-dist/tex/latex/oberdiek/grfext.sty
Package: grfext 2010/08/19 v1.1 Manage graphics extensions (HO)
)
Package grfext Info: Graphics extension search list:
(grfext)             [.png,.pdf,.jpg,.mps,.jpeg,.jbig2,.jb2,.PNG,.PDF,.JPG,.JPE
G,.JBIG2,.JB2,.eps]
(grfext)             \AppendGraphicsExtensions on input line 452.

(/usr/share/texmf-dist/tex/latex/latexconfig/epstopdf-sys.cfg
File: epstopdf-sys.cfg 2010/07/13 v1.3 Configuration of (r)epstopdf for TeX Liv
e
))
Package caption Info: Begin \AtBeginDocument code.
Package caption Info: End \AtBeginDocument code.
\AtBeginShipoutBox=\box35
Package hyperref Info: Link coloring OFF on input line 128.
LaTeX Info: Redefining \ref on input line 128.
LaTeX Info: Redefining \pageref on input line 128.
LaTeX Info: Redefining \nameref on input line 128.

(./Diplomarbeit_Pascal-Bernhard.out) (./Diplomarbeit_Pascal-Bernhard.out)
\@outlinefile=\write4
\openout4 = `Diplomarbeit_Pascal-Bernhard.out'.

LaTeX Font Info:    Try loading font information for T1+lmtt on input line 144.


(/usr/share/texmf-dist/tex/latex/lm/t1lmtt.fd
File: t1lmtt.fd 2009/10/30 v1.6 Font defs for Latin Modern
)
Package microtype Info: Loading generic settings for font family
(microtype)             `lmtt' (encoding: T1).
(microtype)             For optimal results, create family-specific settings.
(microtype)             See the microtype manual for details.
LaTeX Font Info:    Font shape `T1/pplx/bx/n' in size <10.95> not available
(Font)              Font shape `T1/pplx/b/n' tried instead on input line 150.
LaTeX Font Info:    Font shape `T1/pplx/bx/n' in size <17.28> not available
(Font)              Font shape `T1/pplx/b/n' tried instead on input line 150.
LaTeX Font Info:    Try loading font information for T1+ppl on input line 150.

(/usr/share/texmf-dist/tex/latex/psnfss/t1ppl.fd
File: t1ppl.fd 2001/06/04 font definitions for T1/ppl.
)
LaTeX Font Info:    Try loading font information for T1+lmss on input line 150.


(/usr/share/texmf-dist/tex/latex/lm/t1lmss.fd
File: t1lmss.fd 2009/10/30 v1.6 Font defs for Latin Modern
)
LaTeX Font Info:    Font shape `T1/lmss/b/n' in size <17.28> not available
(Font)              Font shape `T1/lmss/bx/n' tried instead on input line 150.
Package microtype Info: Loading generic settings for font family
(microtype)             `lmss' (encoding: T1).
(microtype)             For optimal results, create family-specific settings.
(microtype)             See the microtype manual for details.
LaTeX Font Info:    Font shape `T1/lmss/b/n' in size <10.95> not available
(Font)              Font shape `T1/lmss/bx/n' tried instead on input line 158.
LaTeX Font Info:    Try loading font information for OT1+pplx on input line 166
.

(/usr/share/texmf-dist/tex/latex/psnfss/ot1pplx.fd
File: ot1pplx.fd 2004/09/06 font definitions for OT1/pplx.
)
LaTeX Font Info:    Try loading font information for OML+zplm on input line 166
.

(/usr/share/texmf-dist/tex/latex/psnfss/omlzplm.fd
File: omlzplm.fd 2002/09/08 Fontinst v1.914 font definitions for OML/zplm.
)
LaTeX Font Info:    Try loading font information for OMS+zplm on input line 166
.

(/usr/share/texmf-dist/tex/latex/psnfss/omszplm.fd
File: omszplm.fd 2002/09/08 Fontinst v1.914 font definitions for OMS/zplm.
)
LaTeX Font Info:    Try loading font information for OMX+zplm on input line 166
.

(/usr/share/texmf-dist/tex/latex/psnfss/omxzplm.fd
File: omxzplm.fd 2002/09/08 Fontinst v1.914 font definitions for OMX/zplm.
)
LaTeX Font Info:    Try loading font information for OT1+zplm on input line 166
.

(/usr/share/texmf-dist/tex/latex/psnfss/ot1zplm.fd
File: ot1zplm.fd 2002/09/08 Fontinst v1.914 font definitions for OT1/zplm.
)
Package microtype Info: Loading generic settings for font family
(microtype)             `zplm' (encoding: OT1).
(microtype)             For optimal results, create family-specific settings.
(microtype)             See the microtype manual for details.
LaTeX Font Info:    Font shape `U/msa/m/n' will be
(Font)              scaled to size 11.40997pt on input line 166.

(/etc/texmf/tex/latex/microtype.d/mt-msa.cfg
File: mt-msa.cfg 2006/02/04 v1.1 microtype config. file: AMS symbols (a) (RS)
)
LaTeX Font Info:    Font shape `U/msa/m/n' will be
(Font)              scaled to size 8.33606pt on input line 166.
LaTeX Font Info:    Font shape `U/msa/m/n' will be
(Font)              scaled to size 6.25204pt on input line 166.
LaTeX Font Info:    Font shape `U/msb/m/n' will be
(Font)              scaled to size 11.40997pt on input line 166.

(/etc/texmf/tex/latex/microtype.d/mt-msb.cfg
File: mt-msb.cfg 2005/06/01 v1.0 microtype config. file: AMS symbols (b) (RS)
)
LaTeX Font Info:    Font shape `U/msb/m/n' will be
(Font)              scaled to size 8.33606pt on input line 166.
LaTeX Font Info:    Font shape `U/msb/m/n' will be
(Font)              scaled to size 6.25204pt on input line 166.
Package babel Info: Redefining ngerman shorthand "|
(babel)             in language  on input line 199.
Package babel Info: Redefining ngerman shorthand "~
(babel)             in language  on input line 199.
Package babel Info: Redefining ngerman shorthand "|
(babel)             in language  on input line 199.
Package babel Info: Redefining ngerman shorthand "~
(babel)             in language  on input line 199.
 [1

{/var/lib/texmf/fonts/map/pdftex/updmap/pdftex.map}]
Package tocbasic Info: character protrusion at toc deactivated on input line 19
9.
 (./Diplomarbeit_Pascal-Bernhard.toc
LaTeX Font Info:    Font shape `U/msa/m/n' will be
(Font)              scaled to size 10.42007pt on input line 39.
LaTeX Font Info:    Font shape `U/msa/m/n' will be
(Font)              scaled to size 7.91925pt on input line 39.
LaTeX Font Info:    Font shape `U/msb/m/n' will be
(Font)              scaled to size 10.42007pt on input line 39.
LaTeX Font Info:    Font shape `U/msb/m/n' will be
(Font)              scaled to size 7.91925pt on input line 39.
Package babel Info: Redefining ngerman shorthand "|
(babel)             in language  on input line 39.
Package babel Info: Redefining ngerman shorthand "~
(babel)             in language  on input line 39.
Package babel Info: Redefining ngerman shorthand "|
(babel)             in language  on input line 39.
Package babel Info: Redefining ngerman shorthand "~
(babel)             in language  on input line 39.
 [2

])
\tf@toc=\write5
\openout5 = `Diplomarbeit_Pascal-Bernhard.toc'.

Package babel Info: Redefining ngerman shorthand "|
(babel)             in language  on input line 213.
Package babel Info: Redefining ngerman shorthand "~
(babel)             in language  on input line 213.
Package babel Info: Redefining ngerman shorthand "|
(babel)             in language  on input line 213.
Package babel Info: Redefining ngerman shorthand "~
(babel)             in language  on input line 213.
 [3]
Kapitel 1.
Package babel Info: Redefining ngerman shorthand "|
(babel)             in language  on input line 213.
Package babel Info: Redefining ngerman shorthand "~
(babel)             in language  on input line 213.

Class scrreprt Warning: \float@addtolists detected!
(scrreprt)              You should use the features of package `tocbasic'
(scrreprt)              instead of \float@addtolists.
(scrreprt)              Support for \float@addtolists may be removed from
(scrreprt)              `scrreprt' soon .

LaTeX Font Info:    Font shape `T1/ppl/bx/n' in size <8> not available
(Font)              Font shape `T1/ppl/b/n' tried instead on input line 217.
LaTeX Font Info:    Font shape `T1/lmss/bx/it' in size <8> not available
(Font)              Font shape `T1/lmss/bx/sl' tried instead on input line 217.


Underfull \hbox (badness 10000) in paragraph at lines 217--217
[][]\T1/lmss/bx/n/8 Wahrscheinlich
 []


Underfull \hbox (badness 10000) in paragraph at lines 217--217
\T1/lmss/bx/n/8 wä-re Ita-li-en ein
 []


Underfull \hbox (badness 10000) in paragraph at lines 217--217
\T1/lmss/bx/n/8 bes-se-res Bei-spiel
 []


Underfull \hbox (badness 10000) in paragraph at lines 217--217
\T1/lmss/bx/n/8 als Groÿ-bri-tan-ni-en,
 []


Underfull \hbox (badness 10000) in paragraph at lines 217--217
\T1/lmss/bx/n/8 da di-rek-te Lie-fer-
 []


Underfull \hbox (badness 10000) in paragraph at lines 217--217
\T1/lmss/bx/n/8 ver-trä-ge zwi-schen
 []


Underfull \hbox (badness 2689) in paragraph at lines 217--217
\T1/lmss/bx/n/8 ENI und \T1/lmss/bx/sl/8 Gaz-prom
 []

LaTeX Font Info:    Font shape `U/msa/m/n' will be
(Font)              scaled to size 9.37807pt on input line 217.
LaTeX Font Info:    Font shape `U/msa/m/n' will be
(Font)              scaled to size 7.29405pt on input line 217.
LaTeX Font Info:    Font shape `U/msa/m/n' will be
(Font)              scaled to size 5.21004pt on input line 217.
LaTeX Font Info:    Font shape `U/msb/m/n' will be
(Font)              scaled to size 9.37807pt on input line 217.
LaTeX Font Info:    Font shape `U/msb/m/n' will be
(Font)              scaled to size 7.29405pt on input line 217.
LaTeX Font Info:    Font shape `U/msb/m/n' will be
(Font)              scaled to size 5.21004pt on input line 217.
Package babel Info: Redefining ngerman shorthand "|
(babel)             in language  on input line 218.
Package babel Info: Redefining ngerman shorthand "~
(babel)             in language  on input line 218.
Package babel Info: Redefining ngerman shorthand "|
(babel)             in language  on input line 218.
Package babel Info: Redefining ngerman shorthand "~
(babel)             in language  on input line 218.
[4

]
LaTeX Font Info:    Font shape `T1/ppl/bx/n' in size <9> not available
(Font)              Font shape `T1/ppl/b/n' tried instead on input line 219.
Package babel Info: Redefining ngerman shorthand "|
(babel)             in language  on input line 222.
Package babel Info: Redefining ngerman shorthand "~
(babel)             in language  on input line 222.
Package babel Info: Redefining ngerman shorthand "|
(babel)             in language  on input line 222.
Package babel Info: Redefining ngerman shorthand "~
(babel)             in language  on input line 222.
 [5]
Package babel Info: Redefining ngerman shorthand "|
(babel)             in language  on input line 226.
Package babel Info: Redefining ngerman shorthand "~
(babel)             in language  on input line 226.
Package babel Info: Redefining ngerman shorthand "|
(babel)             in language  on input line 226.
Package babel Info: Redefining ngerman shorthand "~
(babel)             in language  on input line 226.
 [6]
Package babel Info: Redefining ngerman shorthand "|
(babel)             in language  on input line 238.
Package babel Info: Redefining ngerman shorthand "~
(babel)             in language  on input line 238.
Package babel Info: Redefining ngerman shorthand "|
(babel)             in language  on input line 238.
Package babel Info: Redefining ngerman shorthand "~
(babel)             in language  on input line 238.
 [7]
Kapitel 2.
Package babel Info: Redefining ngerman shorthand "|
(babel)             in language  on input line 238.
Package babel Info: Redefining ngerman shorthand "~
(babel)             in language  on input line 238.
Package babel Info: Redefining ngerman shorthand "|
(babel)             in language  on input line 243.
Package babel Info: Redefining ngerman shorthand "~
(babel)             in language  on input line 243.
Package babel Info: Redefining ngerman shorthand "|
(babel)             in language  on input line 243.
Package babel Info: Redefining ngerman shorthand "~
(babel)             in language  on input line 243.
[8

]
Package babel Info: Redefining ngerman shorthand "|
(babel)             in language  on input line 245.
Package babel Info: Redefining ngerman shorthand "~
(babel)             in language  on input line 245.
Package babel Info: Redefining ngerman shorthand "|
(babel)             in language  on input line 250.
Package babel Info: Redefining ngerman shorthand "~
(babel)             in language  on input line 250.
LaTeX Font Info:    Font shape `T1/lmss/bx/it' in size <10.95> not available
(Font)              Font shape `T1/lmss/bx/sl' tried instead on input line 253.

Package babel Info: Redefining ngerman shorthand "|
(babel)             in language  on input line 256.
Package babel Info: Redefining ngerman shorthand "~
(babel)             in language  on input line 256.
Package babel Info: Redefining ngerman shorthand "|
(babel)             in language  on input line 256.
Package babel Info: Redefining ngerman shorthand "~
(babel)             in language  on input line 256.
 [9]
LaTeX Font Info:    Font shape `T1/pplx/m/sl' in size <10.95> not available
(Font)              Font shape `T1/pplx/m/it' tried instead on input line 257.
Package babel Info: Redefining ngerman shorthand "|
(babel)             in language  on input line 266.
Package babel Info: Redefining ngerman shorthand "~
(babel)             in language  on input line 266.
Package babel Info: Redefining ngerman shorthand "|
(babel)             in language  on input line 266.
Package babel Info: Redefining ngerman shorthand "~
(babel)             in language  on input line 266.
 [10]
Package babel Info: Redefining ngerman shorthand "|
(babel)             in language  on input line 282.
Package babel Info: Redefining ngerman shorthand "~
(babel)             in language  on input line 282.
Package babel Info: Redefining ngerman shorthand "|
(babel)             in language  on input line 282.
Package babel Info: Redefining ngerman shorthand "~
(babel)             in language  on input line 282.
 [11]
Underfull \hbox (badness 10000) in paragraph at lines 285--285
[][]\T1/lmss/bx/n/8 Die Ver-bin-dung
 []


Underfull \hbox (badness 6461) in paragraph at lines 285--285
\T1/lmss/bx/n/8 zwi-schen den An-
 []


Underfull \hbox (badness 10000) in paragraph at lines 285--285
\T1/lmss/bx/n/8 sät-ze \T1/lmss/bx/sl/8 Tran-sac-ti-on
 []


Underfull \hbox (badness 10000) in paragraph at lines 285--285
\T1/lmss/bx/sl/8 Costs Eco-no-mics
 []


Underfull \hbox (badness 10000) in paragraph at lines 285--285
\T1/lmss/bx/n/8 und \T1/lmss/bx/sl/8 Pfa-d-ab-hän-
 []


Underfull \hbox (badness 10000) in paragraph at lines 285--285
\T1/lmss/bx/sl/8 gig-kei-ten \T1/lmss/bx/n/8 muss
 []


Underfull \hbox (badness 10000) in paragraph at lines 285--285
\T1/lmss/bx/n/8 im Me-tho-den-teil
 []


Underfull \hbox (badness 10000) in paragraph at lines 285--285
\T1/lmss/bx/n/8 bes-ser her-ge-stellt
 []


Underfull \hbox (badness 10000) in paragraph at lines 292--292
\T1/lmss/bx/n/8 ge-nau-er über-le-gen,
 []


Underfull \hbox (badness 10000) in paragraph at lines 292--292
\T1/lmss/bx/n/8 wel-che Im-pli-ka-tio-
 []


Underfull \hbox (badness 1609) in paragraph at lines 292--292
\T1/lmss/bx/n/8 nen dies für mein
 []

Package babel Info: Redefining ngerman shorthand "|
(babel)             in language  on input line 293.
Package babel Info: Redefining ngerman shorthand "~
(babel)             in language  on input line 293.
Package babel Info: Redefining ngerman shorthand "|
(babel)             in language  on input line 293.
Package babel Info: Redefining ngerman shorthand "~
(babel)             in language  on input line 293.
[12]
Underfull \hbox (badness 7851) in paragraph at lines 301--301
[][]\T1/lmss/bx/n/8 Das Kon-zept des
 []


Underfull \hbox (badness 2941) in paragraph at lines 301--301
\T1/lmss/bx/n/8 Fra-mings muss re-
 []


Underfull \hbox (badness 3439) in paragraph at lines 301--301
\T1/lmss/bx/n/8 men-hang mit Pfa-
 []

Package babel Info: Redefining ngerman shorthand "|
(babel)             in language  on input line 302.
Package babel Info: Redefining ngerman shorthand "~
(babel)             in language  on input line 302.
Package babel Info: Redefining ngerman shorthand "|
(babel)             in language  on input line 302.
Package babel Info: Redefining ngerman shorthand "~
(babel)             in language  on input line 302.
[13]
Underfull \hbox (badness 1210) in paragraph at lines 303--303
[][]\T1/lmss/bx/n/8 Hier ist noch ei-ni-
 []


Underfull \hbox (badness 1163) in paragraph at lines 303--303
\T1/lmss/bx/n/8 ge Denk-ar-beit und
 []

Package babel Info: Redefining ngerman shorthand "|
(babel)             in language  on input line 317.
Package babel Info: Redefining ngerman shorthand "~
(babel)             in language  on input line 317.
Package babel Info: Redefining ngerman shorthand "|
(babel)             in language  on input line 322.
Package babel Info: Redefining ngerman shorthand "~
(babel)             in language  on input line 322.
Package babel Info: Redefining ngerman shorthand "|
(babel)             in language  on input line 322.
Package babel Info: Redefining ngerman shorthand "~
(babel)             in language  on input line 322.
[14]
Package babel Info: Redefining ngerman shorthand "|
(babel)             in language  on input line 329.
Package babel Info: Redefining ngerman shorthand "~
(babel)             in language  on input line 329.
Package babel Info: Redefining ngerman shorthand "|
(babel)             in language  on input line 329.
Package babel Info: Redefining ngerman shorthand "~
(babel)             in language  on input line 329.
 [15]
LaTeX Font Info:    Font shape `T1/lmss/m/it' in size <10.95> not available
(Font)              Font shape `T1/lmss/m/sl' tried instead on input line 337.
Package babel Info: Redefining ngerman shorthand "|
(babel)             in language  on input line 346.
Package babel Info: Redefining ngerman shorthand "~
(babel)             in language  on input line 346.
Package babel Info: Redefining ngerman shorthand "|
(babel)             in language  on input line 346.
Package babel Info: Redefining ngerman shorthand "~
(babel)             in language  on input line 346.
 [16]
Package babel Info: Redefining ngerman shorthand "|
(babel)             in language  on input line 357.
Package babel Info: Redefining ngerman shorthand "~
(babel)             in language  on input line 357.
Package babel Info: Redefining ngerman shorthand "|
(babel)             in language  on input line 357.
Package babel Info: Redefining ngerman shorthand "~
(babel)             in language  on input line 357.
 [17]
Package babel Info: Redefining ngerman shorthand "|
(babel)             in language  on input line 370.
Package babel Info: Redefining ngerman shorthand "~
(babel)             in language  on input line 370.
Package babel Info: Redefining ngerman shorthand "|
(babel)             in language  on input line 370.
Package babel Info: Redefining ngerman shorthand "~
(babel)             in language  on input line 370.
 [18]
Package babel Info: Redefining ngerman shorthand "|
(babel)             in language  on input line 388.
Package babel Info: Redefining ngerman shorthand "~
(babel)             in language  on input line 388.
Package babel Info: Redefining ngerman shorthand "|
(babel)             in language  on input line 388.
Package babel Info: Redefining ngerman shorthand "~
(babel)             in language  on input line 388.
 [19]
Package babel Info: Redefining ngerman shorthand "|
(babel)             in language  on input line 403.
Package babel Info: Redefining ngerman shorthand "~
(babel)             in language  on input line 403.
Package babel Info: Redefining ngerman shorthand "|
(babel)             in language  on input line 403.
Package babel Info: Redefining ngerman shorthand "~
(babel)             in language  on input line 403.
 [20]
Kapitel 3.
Package babel Info: Redefining ngerman shorthand "|
(babel)             in language  on input line 403.
Package babel Info: Redefining ngerman shorthand "~
(babel)             in language  on input line 403.
Package babel Info: Redefining ngerman shorthand "|
(babel)             in language  on input line 413.
Package babel Info: Redefining ngerman shorthand "~
(babel)             in language  on input line 413.
Package babel Info: Redefining ngerman shorthand "|
(babel)             in language  on input line 421.
Package babel Info: Redefining ngerman shorthand "~
(babel)             in language  on input line 421.
Package babel Info: Redefining ngerman shorthand "|
(babel)             in language  on input line 421.
Package babel Info: Redefining ngerman shorthand "~
(babel)             in language  on input line 421.
[21

]
Package babel Info: Redefining ngerman shorthand "|
(babel)             in language  on input line 429.
Package babel Info: Redefining ngerman shorthand "~
(babel)             in language  on input line 429.
Package babel Info: Redefining ngerman shorthand "|
(babel)             in language  on input line 429.
Package babel Info: Redefining ngerman shorthand "~
(babel)             in language  on input line 429.
 [22]
Package babel Info: Redefining ngerman shorthand "|
(babel)             in language  on input line 438.
Package babel Info: Redefining ngerman shorthand "~
(babel)             in language  on input line 438.
Package babel Info: Redefining ngerman shorthand "|
(babel)             in language  on input line 438.
Package babel Info: Redefining ngerman shorthand "~
(babel)             in language  on input line 438.
 [23]
Package babel Info: Redefining ngerman shorthand "|
(babel)             in language  on input line 447.
Package babel Info: Redefining ngerman shorthand "~
(babel)             in language  on input line 447.
Package babel Info: Redefining ngerman shorthand "|
(babel)             in language  on input line 447.
Package babel Info: Redefining ngerman shorthand "~
(babel)             in language  on input line 447.
 [24]
Package babel Info: Redefining ngerman shorthand "|
(babel)             in language  on input line 452.
Package babel Info: Redefining ngerman shorthand "~
(babel)             in language  on input line 452.
Package babel Info: Redefining ngerman shorthand "|
(babel)             in language  on input line 467.
Package babel Info: Redefining ngerman shorthand "~
(babel)             in language  on input line 467.
Package babel Info: Redefining ngerman shorthand "|
(babel)             in language  on input line 467.
Package babel Info: Redefining ngerman shorthand "~
(babel)             in language  on input line 467.
 [25]
Package babel Info: Redefining ngerman shorthand "|
(babel)             in language  on input line 469.
Package babel Info: Redefining ngerman shorthand "~
(babel)             in language  on input line 469.
Package babel Info: Redefining ngerman shorthand "|
(babel)             in language  on input line 472.
Package babel Info: Redefining ngerman shorthand "~
(babel)             in language  on input line 472.
Package babel Info: Redefining ngerman shorthand "|
(babel)             in language  on input line 472.
Package babel Info: Redefining ngerman shorthand "~
(babel)             in language  on input line 472.
 [26]
Package babel Info: Redefining ngerman shorthand "|
(babel)             in language  on input line 487.
Package babel Info: Redefining ngerman shorthand "~
(babel)             in language  on input line 487.
Package babel Info: Redefining ngerman shorthand "|
(babel)             in language  on input line 487.
Package babel Info: Redefining ngerman shorthand "~
(babel)             in language  on input line 487.
 [27]
Kapitel 4.
Package babel Info: Redefining ngerman shorthand "|
(babel)             in language  on input line 487.
Package babel Info: Redefining ngerman shorthand "~
(babel)             in language  on input line 487.
Package babel Info: Redefining ngerman shorthand "|
(babel)             in language  on input line 490.
Package babel Info: Redefining ngerman shorthand "~
(babel)             in language  on input line 490.
LaTeX Font Info:    Try loading font information for TS1+pplx on input line 494
.
(/usr/share/texmf-dist/tex/latex/psnfss/ts1pplx.fd
File: ts1pplx.fd 2004/09/06 font definitions for TS1/pplx.
)
Package babel Info: Redefining ngerman shorthand "|
(babel)             in language  on input line 497.
Package babel Info: Redefining ngerman shorthand "~
(babel)             in language  on input line 497.
Package babel Info: Redefining ngerman shorthand "|
(babel)             in language  on input line 497.
Package babel Info: Redefining ngerman shorthand "~
(babel)             in language  on input line 497.
 [28

]
Package babel Info: Redefining ngerman shorthand "|
(babel)             in language  on input line 501.
Package babel Info: Redefining ngerman shorthand "~
(babel)             in language  on input line 501.
Package babel Info: Redefining ngerman shorthand "|
(babel)             in language  on input line 501.
Package babel Info: Redefining ngerman shorthand "~
(babel)             in language  on input line 501.
 [29]
Package babel Info: Redefining ngerman shorthand "|
(babel)             in language  on input line 506.
Package babel Info: Redefining ngerman shorthand "~
(babel)             in language  on input line 506.
Package babel Info: Redefining ngerman shorthand "|
(babel)             in language  on input line 512.
Package babel Info: Redefining ngerman shorthand "~
(babel)             in language  on input line 512.
Package babel Info: Redefining ngerman shorthand "|
(babel)             in language  on input line 512.
Package babel Info: Redefining ngerman shorthand "~
(babel)             in language  on input line 512.
 [30]
Package babel Info: Redefining ngerman shorthand "|
(babel)             in language  on input line 514.
Package babel Info: Redefining ngerman shorthand "~
(babel)             in language  on input line 514.
LaTeX Font Info:    Font shape `T1/pplx/bx/sl' in size <10.95> not available
(Font)              Font shape `T1/pplx/b/sl' tried instead on input line 518.
LaTeX Font Info:    Font shape `T1/pplx/b/sl' in size <10.95> not available
(Font)              Font shape `T1/pplx/b/it' tried instead on input line 518.
Package babel Info: Redefining ngerman shorthand "|
(babel)             in language  on input line 519.
Package babel Info: Redefining ngerman shorthand "~
(babel)             in language  on input line 519.
Package babel Info: Redefining ngerman shorthand "|
(babel)             in language  on input line 519.
Package babel Info: Redefining ngerman shorthand "~
(babel)             in language  on input line 519.
 [31]
Package babel Info: Redefining ngerman shorthand "|
(babel)             in language  on input line 525.
Package babel Info: Redefining ngerman shorthand "~
(babel)             in language  on input line 525.
Package babel Info: Redefining ngerman shorthand "|
(babel)             in language  on input line 525.
Package babel Info: Redefining ngerman shorthand "~
(babel)             in language  on input line 525.

[32]
Kapitel 5.
Package babel Info: Redefining ngerman shorthand "|
(babel)             in language  on input line 525.
Package babel Info: Redefining ngerman shorthand "~
(babel)             in language  on input line 525.
Package babel Info: Redefining ngerman shorthand "|
(babel)             in language  on input line 537.
Package babel Info: Redefining ngerman shorthand "~
(babel)             in language  on input line 537.
Package babel Info: Redefining ngerman shorthand "|
(babel)             in language  on input line 543.
Package babel Info: Redefining ngerman shorthand "~
(babel)             in language  on input line 543.
Package babel Info: Redefining ngerman shorthand "|
(babel)             in language  on input line 543.
Package babel Info: Redefining ngerman shorthand "~
(babel)             in language  on input line 543.
[33

]
Package babel Info: Redefining ngerman shorthand "|
(babel)             in language  on input line 553.
Package babel Info: Redefining ngerman shorthand "~
(babel)             in language  on input line 553.
Package babel Info: Redefining ngerman shorthand "|
(babel)             in language  on input line 553.
Package babel Info: Redefining ngerman shorthand "~
(babel)             in language  on input line 553.
 [34]
Package babel Info: Redefining ngerman shorthand "|
(babel)             in language  on input line 567.
Package babel Info: Redefining ngerman shorthand "~
(babel)             in language  on input line 567.
Package babel Info: Redefining ngerman shorthand "|
(babel)             in language  on input line 572.
Package babel Info: Redefining ngerman shorthand "~
(babel)             in language  on input line 572.
Package babel Info: Redefining ngerman shorthand "|
(babel)             in language  on input line 572.
Package babel Info: Redefining ngerman shorthand "~
(babel)             in language  on input line 572.
 [35]
Package babel Info: Redefining ngerman shorthand "|
(babel)             in language  on input line 577.
Package babel Info: Redefining ngerman shorthand "~
(babel)             in language  on input line 577.
Package babel Info: Redefining ngerman shorthand "|
(babel)             in language  on input line 577.
Package babel Info: Redefining ngerman shorthand "~
(babel)             in language  on input line 577.
 [36]
Package babel Info: Redefining ngerman shorthand "|
(babel)             in language  on input line 601.
Package babel Info: Redefining ngerman shorthand "~
(babel)             in language  on input line 601.
Package babel Info: Redefining ngerman shorthand "|
(babel)             in language  on input line 606.
Package babel Info: Redefining ngerman shorthand "~
(babel)             in language  on input line 606.
Package babel Info: Redefining ngerman shorthand "|
(babel)             in language  on input line 606.
Package babel Info: Redefining ngerman shorthand "~
(babel)             in language  on input line 606.
 [37]
Package babel Info: Redefining ngerman shorthand "|
(babel)             in language  on input line 611.
Package babel Info: Redefining ngerman shorthand "~
(babel)             in language  on input line 611.
Package babel Info: Redefining ngerman shorthand "|
(babel)             in language  on input line 616.
Package babel Info: Redefining ngerman shorthand "~
(babel)             in language  on input line 616.
Package babel Info: Redefining ngerman shorthand "|
(babel)             in language  on input line 616.
Package babel Info: Redefining ngerman shorthand "~
(babel)             in language  on input line 616.
 [38]
LaTeX Font Info:    Font shape `TS1/pplx/bx/n' in size <10.95> not available
(Font)              Font shape `TS1/pplx/b/n' tried instead on input line 619.
Package babel Info: Redefining ngerman shorthand "|
(babel)             in language  on input line 620.
Package babel Info: Redefining ngerman shorthand "~
(babel)             in language  on input line 620.
Package babel Info: Redefining ngerman shorthand "|
(babel)             in language  on input line 620.
Package babel Info: Redefining ngerman shorthand "~
(babel)             in language  on input line 620.
 [39]
Package babel Info: Redefining ngerman shorthand "|
(babel)             in language  on input line 624.
Package babel Info: Redefining ngerman shorthand "~
(babel)             in language  on input line 624.
Package babel Info: Redefining ngerman shorthand "|
(babel)             in language  on input line 624.
Package babel Info: Redefining ngerman shorthand "~
(babel)             in language  on input line 624.
 [40]
Package babel Info: Redefining ngerman shorthand "|
(babel)             in language  on input line 632.
Package babel Info: Redefining ngerman shorthand "~
(babel)             in language  on input line 632.
Package babel Info: Redefining ngerman shorthand "|
(babel)             in language  on input line 632.
Package babel Info: Redefining ngerman shorthand "~
(babel)             in language  on input line 632.
 [41]
Kapitel 6.
Package babel Info: Redefining ngerman shorthand "|
(babel)             in language  on input line 632.
Package babel Info: Redefining ngerman shorthand "~
(babel)             in language  on input line 632.
<Pipelines.png, id=596, 624.83438pt x 558.58687pt>
File: Pipelines.png Graphic file (type png)
 <use Pipelines.png>
Package pdftex.def Info: Pipelines.png used on input line 641.
(pdftex.def)             Requested size: 373.44246pt x 333.85916pt.
Package babel Info: Redefining ngerman shorthand "|
(babel)             in language  on input line 649.
Package babel Info: Redefining ngerman shorthand "~
(babel)             in language  on input line 649.
Package babel Info: Redefining ngerman shorthand "|
(babel)             in language  on input line 652.
Package babel Info: Redefining ngerman shorthand "~
(babel)             in language  on input line 652.
Package babel Info: Redefining ngerman shorthand "|
(babel)             in language  on input line 652.
Package babel Info: Redefining ngerman shorthand "~
(babel)             in language  on input line 652.
 [42

 <./Pipelines.png>]
Package babel Info: Redefining ngerman shorthand "|
(babel)             in language  on input line 654.
Package babel Info: Redefining ngerman shorthand "~
(babel)             in language  on input line 654.
Package babel Info: Redefining ngerman shorthand "|
(babel)             in language  on input line 657.
Package babel Info: Redefining ngerman shorthand "~
(babel)             in language  on input line 657.
Package babel Info: Redefining ngerman shorthand "|
(babel)             in language  on input line 657.
Package babel Info: Redefining ngerman shorthand "~
(babel)             in language  on input line 657.
 [43]
Package babel Info: Redefining ngerman shorthand "|
(babel)             in language  on input line 663.
Package babel Info: Redefining ngerman shorthand "~
(babel)             in language  on input line 663.
Package babel Info: Redefining ngerman shorthand "|
(babel)             in language  on input line 666.
Package babel Info: Redefining ngerman shorthand "~
(babel)             in language  on input line 666.
Package babel Info: Redefining ngerman shorthand "|
(babel)             in language  on input line 666.
Package babel Info: Redefining ngerman shorthand "~
(babel)             in language  on input line 666.
 [44]
Underfull \hbox (badness 7486) in paragraph at lines 669--669
\T1/lmss/bx/n/8 die De-bat-te über
 []

Package babel Info: Redefining ngerman shorthand "|
(babel)             in language  on input line 670.
Package babel Info: Redefining ngerman shorthand "~
(babel)             in language  on input line 670.
Package babel Info: Redefining ngerman shorthand "|
(babel)             in language  on input line 670.
Package babel Info: Redefining ngerman shorthand "~
(babel)             in language  on input line 670.
[45]
Package babel Info: Redefining ngerman shorthand "|
(babel)             in language  on input line 674.
Package babel Info: Redefining ngerman shorthand "~
(babel)             in language  on input line 674.
Package babel Info: Redefining ngerman shorthand "|
(babel)             in language  on input line 674.
Package babel Info: Redefining ngerman shorthand "~
(babel)             in language  on input line 674.
 [46]
Package babel Info: Redefining ngerman shorthand "|
(babel)             in language  on input line 685.
Package babel Info: Redefining ngerman shorthand "~
(babel)             in language  on input line 685.
Package babel Info: Redefining ngerman shorthand "|
(babel)             in language  on input line 689.
Package babel Info: Redefining ngerman shorthand "~
(babel)             in language  on input line 689.
Package babel Info: Redefining ngerman shorthand "|
(babel)             in language  on input line 691.
Package babel Info: Redefining ngerman shorthand "~
(babel)             in language  on input line 691.
Package babel Info: Redefining ngerman shorthand "|
(babel)             in language  on input line 698.
Package babel Info: Redefining ngerman shorthand "~
(babel)             in language  on input line 698.
Package babel Info: Redefining ngerman shorthand "|
(babel)             in language  on input line 705.
Package babel Info: Redefining ngerman shorthand "~
(babel)             in language  on input line 705.
Package babel Info: Redefining ngerman shorthand "|
(babel)             in language  on input line 705.
Package babel Info: Redefining ngerman shorthand "~
(babel)             in language  on input line 705.
 [47]
Kapitel 7.
Package babel Info: Redefining ngerman shorthand "|
(babel)             in language  on input line 705.
Package babel Info: Redefining ngerman shorthand "~
(babel)             in language  on input line 705.
Package babel Info: Redefining ngerman shorthand "|
(babel)             in language  on input line 712.
Package babel Info: Redefining ngerman shorthand "~
(babel)             in language  on input line 712.
Package babel Info: Redefining ngerman shorthand "|
(babel)             in language  on input line 721.
Package babel Info: Redefining ngerman shorthand "~
(babel)             in language  on input line 721.
Package babel Info: Redefining ngerman shorthand "|
(babel)             in language  on input line 721.
Package babel Info: Redefining ngerman shorthand "~
(babel)             in language  on input line 721.
[48

]
Package babel Info: Redefining ngerman shorthand "|
(babel)             in language  on input line 723.
Package babel Info: Redefining ngerman shorthand "~
(babel)             in language  on input line 723.
Package babel Info: Redefining ngerman shorthand "|
(babel)             in language  on input line 723.
Package babel Info: Redefining ngerman shorthand "~
(babel)             in language  on input line 723.
 [49]
Package babel Info: Redefining ngerman shorthand "|
(babel)             in language  on input line 728.
Package babel Info: Redefining ngerman shorthand "~
(babel)             in language  on input line 728.
Package babel Info: Redefining ngerman shorthand "|
(babel)             in language  on input line 728.
Package babel Info: Redefining ngerman shorthand "~
(babel)             in language  on input line 728.
 [50]
Package babel Info: Redefining ngerman shorthand "|
(babel)             in language  on input line 741.
Package babel Info: Redefining ngerman shorthand "~
(babel)             in language  on input line 741.
Package babel Info: Redefining ngerman shorthand "|
(babel)             in language  on input line 741.
Package babel Info: Redefining ngerman shorthand "~
(babel)             in language  on input line 741.
 [51]
Package babel Info: Redefining ngerman shorthand "|
(babel)             in language  on input line 745.
Package babel Info: Redefining ngerman shorthand "~
(babel)             in language  on input line 745.
Package babel Info: Redefining ngerman shorthand "|
(babel)             in language  on input line 745.
Package babel Info: Redefining ngerman shorthand "~
(babel)             in language  on input line 745.
 [52]
Package babel Info: Redefining ngerman shorthand "|
(babel)             in language  on input line 745.
Package babel Info: Redefining ngerman shorthand "~
(babel)             in language  on input line 745.
Package babel Info: Redefining ngerman shorthand "|
(babel)             in language  on input line 748.
Package babel Info: Redefining ngerman shorthand "~
(babel)             in language  on input line 748.
Package babel Info: Redefining ngerman shorthand "|
(babel)             in language  on input line 762.
Package babel Info: Redefining ngerman shorthand "~
(babel)             in language  on input line 762.
Package babel Info: Redefining ngerman shorthand "|
(babel)             in language  on input line 762.
Package babel Info: Redefining ngerman shorthand "~
(babel)             in language  on input line 762.
 [53]
Kapitel 8.
Package babel Info: Redefining ngerman shorthand "|
(babel)             in language  on input line 762.
Package babel Info: Redefining ngerman shorthand "~
(babel)             in language  on input line 762.
Package babel Info: Redefining ngerman shorthand "|
(babel)             in language  on input line 766.
Package babel Info: Redefining ngerman shorthand "~
(babel)             in language  on input line 766.
Package babel Info: Redefining ngerman shorthand "|
(babel)             in language  on input line 770.
Package babel Info: Redefining ngerman shorthand "~
(babel)             in language  on input line 770.
Package babel Info: Redefining ngerman shorthand "|
(babel)             in language  on input line 775.
Package babel Info: Redefining ngerman shorthand "~
(babel)             in language  on input line 775.
Package babel Info: Redefining ngerman shorthand "|
(babel)             in language  on input line 775.
Package babel Info: Redefining ngerman shorthand "~
(babel)             in language  on input line 775.
[54

]
Kapitel 9.
Package babel Info: Redefining ngerman shorthand "|
(babel)             in language  on input line 775.
Package babel Info: Redefining ngerman shorthand "~
(babel)             in language  on input line 775.
Package babel Info: Redefining ngerman shorthand "|
(babel)             in language  on input line 786.
Package babel Info: Redefining ngerman shorthand "~
(babel)             in language  on input line 786.
Package babel Info: Redefining ngerman shorthand "|
(babel)             in language  on input line 786.
Package babel Info: Redefining ngerman shorthand "~
(babel)             in language  on input line 786.
[55

]
Kapitel 10.
Package babel Info: Redefining ngerman shorthand "|
(babel)             in language  on input line 786.
Package babel Info: Redefining ngerman shorthand "~
(babel)             in language  on input line 786.
Package babel Info: Redefining ngerman shorthand "|
(babel)             in language  on input line 794.
Package babel Info: Redefining ngerman shorthand "~
(babel)             in language  on input line 794.
Package babel Info: Redefining ngerman shorthand "|
(babel)             in language  on input line 794.
Package babel Info: Redefining ngerman shorthand "~
(babel)             in language  on input line 794.
[56

]
Kapitel 11.
Package babel Info: Redefining ngerman shorthand "|
(babel)             in language  on input line 794.
Package babel Info: Redefining ngerman shorthand "~
(babel)             in language  on input line 794.
Package babel Info: Redefining ngerman shorthand "|
(babel)             in language  on input line 803.
Package babel Info: Redefining ngerman shorthand "~
(babel)             in language  on input line 803.
Package babel Info: Redefining ngerman shorthand "|
(babel)             in language  on input line 803.
Package babel Info: Redefining ngerman shorthand "~
(babel)             in language  on input line 803.
[57

]
Kapitel 12.
Package babel Info: Redefining ngerman shorthand "|
(babel)             in language  on input line 803.
Package babel Info: Redefining ngerman shorthand "~
(babel)             in language  on input line 803.
Package babel Info: Redefining ngerman shorthand "|
(babel)             in language  on input line 808.
Package babel Info: Redefining ngerman shorthand "~
(babel)             in language  on input line 808.
Package babel Info: Redefining ngerman shorthand "|
(babel)             in language  on input line 808.
Package babel Info: Redefining ngerman shorthand "~
(babel)             in language  on input line 808.
[58

]
Kapitel 13.
Package babel Info: Redefining ngerman shorthand "|
(babel)             in language  on input line 808.
Package babel Info: Redefining ngerman shorthand "~
(babel)             in language  on input line 808.
Package babel Info: Redefining ngerman shorthand "|
(babel)             in language  on input line 824.
Package babel Info: Redefining ngerman shorthand "~
(babel)             in language  on input line 824.
Package babel Info: Redefining ngerman shorthand "|
(babel)             in language  on input line 824.
Package babel Info: Redefining ngerman shorthand "~
(babel)             in language  on input line 824.
[59

]
Package babel Info: Redefining ngerman shorthand "|
(babel)             in language  on input line 831.
Package babel Info: Redefining ngerman shorthand "~
(babel)             in language  on input line 831.
Package babel Info: Redefining ngerman shorthand "|
(babel)             in language  on input line 831.
Package babel Info: Redefining ngerman shorthand "~
(babel)             in language  on input line 831.
 [60]
Kapitel 14.
Package babel Info: Redefining ngerman shorthand "|
(babel)             in language  on input line 831.
Package babel Info: Redefining ngerman shorthand "~
(babel)             in language  on input line 831.
LaTeX Font Info:    Try loading font information for U+mvs on input line 845.
(/usr/share/texmf-dist/tex/latex/marvosym/umvs.fd)
(/etc/texmf/tex/latex/microtype.d/mt-mvs.cfg
File: mt-mvs.cfg 2006/07/05 v1.1 microtype config. file: Marvosym Euro (RS)
)
Package babel Info: Redefining ngerman shorthand "|
(babel)             in language  on input line 876.
Package babel Info: Redefining ngerman shorthand "~
(babel)             in language  on input line 876.
Package babel Info: Redefining ngerman shorthand "|
(babel)             in language  on input line 876.
Package babel Info: Redefining ngerman shorthand "~
(babel)             in language  on input line 876.
 [61

]
Package babel Info: Redefining ngerman shorthand "|
(babel)             in language  on input line 908.
Package babel Info: Redefining ngerman shorthand "~
(babel)             in language  on input line 908.
Package babel Info: Redefining ngerman shorthand "|
(babel)             in language  on input line 908.
Package babel Info: Redefining ngerman shorthand "~
(babel)             in language  on input line 908.
 [62]
Package babel Info: Redefining ngerman shorthand "|
(babel)             in language  on input line 947.
Package babel Info: Redefining ngerman shorthand "~
(babel)             in language  on input line 947.
Package babel Info: Redefining ngerman shorthand "|
(babel)             in language  on input line 947.
Package babel Info: Redefining ngerman shorthand "~
(babel)             in language  on input line 947.
 [63]
Package babel Info: Redefining ngerman shorthand "|
(babel)             in language  on input line 984.
Package babel Info: Redefining ngerman shorthand "~
(babel)             in language  on input line 984.
Package babel Info: Redefining ngerman shorthand "|
(babel)             in language  on input line 984.
Package babel Info: Redefining ngerman shorthand "~
(babel)             in language  on input line 984.
 [64]
Overfull \hbox (1.1971pt too wide) in paragraph at lines 995--996
[]\T1/lmss/bx/n/10 Harrington, Jo-seph Em-mett; Ver-non, John Mit-cham & W. Kip
 Vis-cu-si (2005):
 []

Package babel Info: Redefining ngerman shorthand "|
(babel)             in language  on input line 1014.
Package babel Info: Redefining ngerman shorthand "~
(babel)             in language  on input line 1014.
Package babel Info: Redefining ngerman shorthand "|
(babel)             in language  on input line 1014.
Package babel Info: Redefining ngerman shorthand "~
(babel)             in language  on input line 1014.
[65]
Package babel Info: Redefining ngerman shorthand "|
(babel)             in language  on input line 1053.
Package babel Info: Redefining ngerman shorthand "~
(babel)             in language  on input line 1053.
Package babel Info: Redefining ngerman shorthand "|
(babel)             in language  on input line 1053.
Package babel Info: Redefining ngerman shorthand "~
(babel)             in language  on input line 1053.
 [66]
Package babel Info: Redefining ngerman shorthand "|
(babel)             in language  on input line 1092.
Package babel Info: Redefining ngerman shorthand "~
(babel)             in language  on input line 1092.
Package babel Info: Redefining ngerman shorthand "|
(babel)             in language  on input line 1092.
Package babel Info: Redefining ngerman shorthand "~
(babel)             in language  on input line 1092.
 [67]
Package babel Info: Redefining ngerman shorthand "|
(babel)             in language  on input line 1132.
Package babel Info: Redefining ngerman shorthand "~
(babel)             in language  on input line 1132.
Package babel Info: Redefining ngerman shorthand "|
(babel)             in language  on input line 1132.
Package babel Info: Redefining ngerman shorthand "~
(babel)             in language  on input line 1132.
 [68]
Package atveryend Info: Empty hook `BeforeClearDocument' on input line 1168.
Package babel Info: Redefining ngerman shorthand "|
(babel)             in language  on input line 1168.
Package babel Info: Redefining ngerman shorthand "~
(babel)             in language  on input line 1168.
Package babel Info: Redefining ngerman shorthand "|
(babel)             in language  on input line 1168.
Package babel Info: Redefining ngerman shorthand "~
(babel)             in language  on input line 1168.
 [69]
Package atveryend Info: Empty hook `AfterLastShipout' on input line 1168.
 (./Diplomarbeit_Pascal-Bernhard.aux)
Package atveryend Info: Executing hook `AtVeryEndDocument' on input line 1168.
Package atveryend Info: Executing hook `AtEndAfterFileList' on input line 1168.

Package rerunfilecheck Info: File `Diplomarbeit_Pascal-Bernhard.out' has not ch
anged.
(rerunfilecheck)             Checksum: E4D77555F03CC70C01DC119CABC7B369;2959.
Package atveryend Info: Empty hook `AtVeryVeryEnd' on input line 1168.
 ) 
Here is how much of TeX's memory you used:
 13721 strings out of 493853
 203569 string characters out of 6157277
 351619 words of memory out of 5000000
 16093 multiletter control sequences out of 15000+600000
 116623 words of font info for 364 fonts, out of 8000000 for 9000
 788 hyphenation exceptions out of 8191
 41i,12n,46p,2751b,651s stack positions out of 5000i,500n,10000p,200000b,80000s
{/usr/share/texmf-dist/fonts/enc/dvips/base/8r.enc}{/usr/share/texmf-dist/fon
ts/enc/dvips/lm/lm-ec.enc}</usr/share/texmf-dist/fonts/type1/public/lm/lmss10.p
fb></usr/share/texmf-dist/fonts/type1/public/lm/lmss9.pfb></usr/share/texmf-dis
t/fonts/type1/public/lm/lmssbo10.pfb></usr/share/texmf-dist/fonts/type1/public/
lm/lmssbx10.pfb></usr/share/texmf-dist/fonts/type1/public/lm/lmsso10.pfb></usr/
share/texmf-dist/fonts/type1/public/marvosym/marvosym.pfb></usr/share/texmf-dis
t/fonts/type1/urw/palatino/uplb8a.pfb></usr/share/texmf-dist/fonts/type1/urw/pa
latino/uplbi8a.pfb></usr/share/texmf-dist/fonts/type1/urw/palatino/uplr8a.pfb><
/usr/share/texmf-dist/fonts/type1/urw/palatino/uplr8a.pfb></usr/share/texmf-dis
t/fonts/type1/urw/palatino/uplri8a.pfb></usr/share/texmf-dist/fonts/type1/urw/z
apfding/uzdr.pfb>
Output written on Diplomarbeit_Pascal-Bernhard.pdf (69 pages, 727604 bytes).
PDF statistics:
 942 PDF objects out of 1000 (max. 8388607)
 847 compressed objects within 9 object streams
 272 named destinations out of 1000 (max. 500000)
 49982 words of extra memory for PDF output out of 51595 (max. 10000000)

