\BOOKMARK [0][-]{chapter.1}{Einleitung}{}% 1
\BOOKMARK [0][-]{chapter.2}{Untersuchungsgegenstand und Fragestellung}{}% 2
\BOOKMARK [1][-]{section.2.1}{Stand der Forschung}{chapter.2}% 3
\BOOKMARK [1][-]{section.2.2}{Forschungsdesign}{chapter.2}% 4
\BOOKMARK [1][-]{section.2.3}{Die erkl\344renden Variablen}{chapter.2}% 5
\BOOKMARK [0][-]{chapter.3}{Gasm\344rkte}{}% 6
\BOOKMARK [1][-]{section.3.1}{Eigenschaften von Gasm\344rkten als Netzwerkindustrie}{chapter.3}% 7
\BOOKMARK [2][-]{subsection.3.1.1}{Schl\374sselstellung der Netzwerkinfrastruktur}{section.3.1}% 8
\BOOKMARK [1][-]{section.3.2}{Die Liberalisierung von Gasm\344rkten}{chapter.3}% 9
\BOOKMARK [1][-]{section.3.3}{Gasmarktliberalisierung in Europa}{chapter.3}% 10
\BOOKMARK [2][-]{subsection.3.3.1}{Marktreformen im Kontext des Europ\344ischen Integrationsprozesses}{section.3.3}% 11
\BOOKMARK [1][-]{section.3.4}{Bestimmungen des Dritten Liberalisierungspakets f\374r die Europ\344ischen Energiem\344rkte}{chapter.3}% 12
\BOOKMARK [2][-]{subsection.3.4.1}{Modelle der vertikalen Entflechtung auf dem Gasmarkt}{section.3.4}% 13
\BOOKMARK [0][-]{chapter.4}{Energiem\344rkte im Baltikum}{}% 14
\BOOKMARK [1][-]{section.4.1}{Litauen}{chapter.4}% 15
\BOOKMARK [2][-]{subsection.4.1.1}{Der Gasmarkt in Litauen}{section.4.1}% 16
\BOOKMARK [2][-]{subsection.4.1.2}{Die Versorgungssituation}{section.4.1}% 17
\BOOKMARK [1][-]{section.4.2}{Lettland}{chapter.4}% 18
\BOOKMARK [2][-]{subsection.4.2.1}{Der Gasmarkt in Lettland}{section.4.2}% 19
\BOOKMARK [2][-]{subsection.4.2.2}{Die Versorgungssituation}{section.4.2}% 20
\BOOKMARK [1][-]{section.4.3}{Auswirkungen auf die baltischen Gasm\344rkte}{chapter.4}% 21
\BOOKMARK [0][-]{chapter.5}{Das Verh\344ltnis zu Russland: historische Belastungen}{}% 22
\BOOKMARK [1][-]{section.5.1}{Der Faktor Gazprom}{chapter.5}% 23
\BOOKMARK [2][-]{subsection.5.1.1}{Gazproms Rolle auf den baltischen Gasm\344rkten}{section.5.1}% 24
\BOOKMARK [2][-]{subsection.5.1.2}{Gazprom in der lettischen/litauischen Wahrnehmung}{section.5.1}% 25
\BOOKMARK [0][-]{chapter.6}{Die bisherige Umsetzung der EU-Richtlinie}{}% 26
\BOOKMARK [1][-]{section.6.1}{Die Umsetzung in Litauen}{chapter.6}% 27
\BOOKMARK [1][-]{section.6.2}{Der 'lettische Weg'}{chapter.6}% 28
\BOOKMARK [0][-]{chapter.7}{Nationale Energiepolitik und Energiemarktliberalisierung}{}% 29
\BOOKMARK [0][-]{chapter.8}{Lobby-Einfluss als Erkl\344rungsfaktor f\374r nationale Energiepolitik}{}% 30
\BOOKMARK [0][-]{chapter.9}{Europ\344ische Energiepolitik als externe Faktor}{}% 31
\BOOKMARK [0][-]{chapter.10}{Fazit}{}% 32
\BOOKMARK [0][-]{chapter.11}{Anhang \205 Erl\344uterungen}{}% 33
\BOOKMARK [0][-]{chapter.12}{Literaturverzeichnis}{}% 34
